<?xml version="1.0" encoding="UTF-8"?>
<coverage generated="1703888359391" clover="3.2.0">
  <project timestamp="1703888359391" name="All files">
    <metrics statements="66" coveredstatements="61" conditionals="25" coveredconditionals="21" methods="19" coveredmethods="16" elements="110" coveredelements="98" complexity="0" loc="66" ncloc="66" packages="2" files="3" classes="3"/>
    <package name="src">
      <metrics statements="15" coveredstatements="15" conditionals="6" coveredconditionals="6" methods="3" coveredmethods="3"/>
      <file name="type.ts" path="/Users/kiryl/Documents/my_projects/diana/todolist/src/type.ts">
        <metrics statements="15" coveredstatements="15" conditionals="6" coveredconditionals="6" methods="3" coveredmethods="3"/>
        <line num="6" count="2" type="cond" truecount="2" falsecount="0"/>
        <line num="7" count="2" type="stmt"/>
        <line num="8" count="2" type="stmt"/>
        <line num="9" count="2" type="stmt"/>
        <line num="12" count="2" type="cond" truecount="2" falsecount="0"/>
        <line num="13" count="2" type="stmt"/>
        <line num="14" count="2" type="stmt"/>
        <line num="15" count="2" type="stmt"/>
        <line num="16" count="2" type="stmt"/>
        <line num="19" count="2" type="cond" truecount="2" falsecount="0"/>
        <line num="20" count="2" type="stmt"/>
        <line num="21" count="2" type="stmt"/>
        <line num="22" count="2" type="stmt"/>
        <line num="23" count="2" type="stmt"/>
        <line num="24" count="2" type="stmt"/>
      </file>
    </package>
    <package name="src.state">
      <metrics statements="51" coveredstatements="46" conditionals="19" coveredconditionals="15" methods="16" coveredmethods="13"/>
      <file name="tasksReduser.ts" path="/Users/kiryl/Documents/my_projects/diana/todolist/src/state/tasksReduser.ts">
        <metrics statements="34" coveredstatements="33" conditionals="12" coveredconditionals="10" methods="10" coveredmethods="10"/>
        <line num="1" count="1" type="stmt"/>
        <line num="2" count="1" type="stmt"/>
        <line num="3" count="1" type="stmt"/>
        <line num="14" count="1" type="stmt"/>
        <line num="97" count="1" type="cond" truecount="0" falsecount="1"/>
        <line num="98" count="6" type="cond" truecount="6" falsecount="1"/>
        <line num="100" count="1" type="stmt"/>
        <line num="101" count="1" type="stmt"/>
        <line num="102" count="1" type="stmt"/>
        <line num="105" count="1" type="stmt"/>
        <line num="106" count="3" type="stmt"/>
        <line num="109" count="1" type="stmt"/>
        <line num="112" count="1" type="stmt"/>
        <line num="113" count="1" type="stmt"/>
        <line num="125" count="1" type="stmt"/>
        <line num="128" count="1" type="stmt"/>
        <line num="129" count="1" type="stmt"/>
        <line num="130" count="3" type="cond" truecount="2" falsecount="0"/>
        <line num="136" count="1" type="stmt"/>
        <line num="137" count="1" type="stmt"/>
        <line num="139" count="3" type="cond" truecount="2" falsecount="0"/>
        <line num="145" count="0" type="stmt"/>
        <line num="152" count="1" type="stmt"/>
        <line num="153" count="1" type="stmt"/>
        <line num="162" count="1" type="stmt"/>
        <line num="163" count="1" type="stmt"/>
        <line num="173" count="1" type="stmt"/>
        <line num="174" count="1" type="stmt"/>
        <line num="183" count="1" type="stmt"/>
        <line num="184" count="1" type="stmt"/>
        <line num="194" count="1" type="stmt"/>
        <line num="195" count="1" type="stmt"/>
        <line num="206" count="1" type="stmt"/>
        <line num="207" count="1" type="stmt"/>
      </file>
      <file name="todolistReducer.ts" path="/Users/kiryl/Documents/my_projects/diana/todolist/src/state/todolistReducer.ts">
        <metrics statements="17" coveredstatements="13" conditionals="7" coveredconditionals="5" methods="6" coveredmethods="3"/>
        <line num="1" count="2" type="stmt"/>
        <line num="7" count="2" type="stmt"/>
        <line num="8" count="2" type="stmt"/>
        <line num="9" count="2" type="stmt"/>
        <line num="22" count="2" type="cond" truecount="0" falsecount="1"/>
        <line num="23" count="3" type="cond" truecount="3" falsecount="1"/>
        <line num="25" count="1" type="stmt"/>
        <line num="31" count="1" type="stmt"/>
        <line num="34" count="2" type="stmt"/>
        <line num="37" count="2" type="cond" truecount="2" falsecount="0"/>
        <line num="40" count="0" type="stmt"/>
        <line num="47" count="2" type="stmt"/>
        <line num="48" count="0" type="stmt"/>
        <line num="57" count="2" type="stmt"/>
        <line num="58" count="0" type="stmt"/>
        <line num="68" count="2" type="stmt"/>
        <line num="69" count="0" type="stmt"/>
      </file>
    </package>
  </project>
</coverage>
