{"/Users/kiryl/Documents/my_projects/diana/todolist/src/type.ts": {"path":"/Users/kiryl/Documents/my_projects/diana/todolist/src/type.ts","statementMap":{"0":{"start":{"line":6,"column":0},"end":{"line":6,"column":null}},"1":{"start":{"line":7,"column":4},"end":{"line":7,"column":null}},"2":{"start":{"line":8,"column":4},"end":{"line":8,"column":null}},"3":{"start":{"line":9,"column":4},"end":{"line":9,"column":null}},"4":{"start":{"line":12,"column":0},"end":{"line":12,"column":null}},"5":{"start":{"line":13,"column":4},"end":{"line":13,"column":null}},"6":{"start":{"line":14,"column":4},"end":{"line":14,"column":null}},"7":{"start":{"line":15,"column":4},"end":{"line":15,"column":null}},"8":{"start":{"line":16,"column":4},"end":{"line":16,"column":null}},"9":{"start":{"line":19,"column":0},"end":{"line":19,"column":null}},"10":{"start":{"line":20,"column":4},"end":{"line":20,"column":null}},"11":{"start":{"line":21,"column":4},"end":{"line":21,"column":null}},"12":{"start":{"line":22,"column":4},"end":{"line":22,"column":null}},"13":{"start":{"line":23,"column":4},"end":{"line":23,"column":null}},"14":{"start":{"line":24,"column":4},"end":{"line":24,"column":null}}},"fnMap":{"0":{"name":"(anonymous_0)","decl":{"start":{"line":6,"column":0},"end":{"line":6,"column":12}},"loc":{"start":{"line":6,"column":26},"end":{"line":10,"column":1}}},"1":{"name":"(anonymous_1)","decl":{"start":{"line":12,"column":0},"end":{"line":12,"column":12}},"loc":{"start":{"line":12,"column":24},"end":{"line":17,"column":1}}},"2":{"name":"(anonymous_2)","decl":{"start":{"line":19,"column":0},"end":{"line":19,"column":12}},"loc":{"start":{"line":19,"column":26},"end":{"line":25,"column":1}}}},"branchMap":{"0":{"loc":{"start":{"line":6,"column":12},"end":{"line":6,"column":null}},"type":"binary-expr","locations":[{"start":{"line":6,"column":12},"end":{"line":6,"column":26}},{"start":{"line":6,"column":26},"end":{"line":6,"column":null}}]},"1":{"loc":{"start":{"line":12,"column":12},"end":{"line":12,"column":null}},"type":"binary-expr","locations":[{"start":{"line":12,"column":12},"end":{"line":12,"column":24}},{"start":{"line":12,"column":24},"end":{"line":12,"column":null}}]},"2":{"loc":{"start":{"line":19,"column":12},"end":{"line":19,"column":null}},"type":"binary-expr","locations":[{"start":{"line":19,"column":12},"end":{"line":19,"column":26}},{"start":{"line":19,"column":26},"end":{"line":19,"column":null}}]}},"s":{"0":2,"1":2,"2":2,"3":2,"4":2,"5":2,"6":2,"7":2,"8":2,"9":2,"10":2,"11":2,"12":2,"13":2,"14":2},"f":{"0":2,"1":2,"2":2},"b":{"0":[2,2],"1":[2,2],"2":[2,2]}}
,"/Users/kiryl/Documents/my_projects/diana/todolist/src/state/tasksReduser.ts": {"path":"/Users/kiryl/Documents/my_projects/diana/todolist/src/state/tasksReduser.ts","statementMap":{"0":{"start":{"line":1,"column":0},"end":{"line":1,"column":71}},"1":{"start":{"line":2,"column":0},"end":{"line":2,"column":24}},"2":{"start":{"line":3,"column":0},"end":{"line":3,"column":58}},"3":{"start":{"line":14,"column":21},"end":{"line":94,"column":null}},"4":{"start":{"line":97,"column":28},"end":{"line":149,"column":1}},"5":{"start":{"line":98,"column":4},"end":{"line":146,"column":5}},"6":{"start":{"line":100,"column":33},"end":{"line":100,"column":43}},"7":{"start":{"line":101,"column":12},"end":{"line":101,"column":55}},"8":{"start":{"line":102,"column":12},"end":{"line":102,"column":null}},"9":{"start":{"line":105,"column":37},"end":{"line":105,"column":82}},"10":{"start":{"line":106,"column":12},"end":{"line":106,"column":null}},"11":{"start":{"line":106,"column":69},"end":{"line":106,"column":87}},"12":{"start":{"line":109,"column":12},"end":{"line":109,"column":null}},"13":{"start":{"line":112,"column":39},"end":{"line":112,"column":81}},"14":{"start":{"line":113,"column":28},"end":{"line":124,"column":14}},"15":{"start":{"line":125,"column":12},"end":{"line":125,"column":null}},"16":{"start":{"line":128,"column":44},"end":{"line":128,"column":96}},"17":{"start":{"line":129,"column":12},"end":{"line":133,"column":null}},"18":{"start":{"line":130,"column":62},"end":{"line":132,"column":26}},"19":{"start":{"line":136,"column":47},"end":{"line":136,"column":95}},"20":{"start":{"line":137,"column":12},"end":{"line":142,"column":null}},"21":{"start":{"line":139,"column":52},"end":{"line":141,"column":26}},"22":{"start":{"line":145,"column":12},"end":{"line":145,"column":null}},"23":{"start":{"line":97,"column":13},"end":{"line":97,"column":28}},"24":{"start":{"line":152,"column":28},"end":{"line":159,"column":1}},"25":{"start":{"line":153,"column":4},"end":{"line":158,"column":null}},"26":{"start":{"line":152,"column":13},"end":{"line":152,"column":28}},"27":{"start":{"line":162,"column":28},"end":{"line":170,"column":1}},"28":{"start":{"line":163,"column":4},"end":{"line":169,"column":null}},"29":{"start":{"line":162,"column":13},"end":{"line":162,"column":28}},"30":{"start":{"line":173,"column":25},"end":{"line":180,"column":1}},"31":{"start":{"line":174,"column":4},"end":{"line":179,"column":null}},"32":{"start":{"line":173,"column":13},"end":{"line":173,"column":25}},"33":{"start":{"line":183,"column":25},"end":{"line":191,"column":1}},"34":{"start":{"line":184,"column":4},"end":{"line":190,"column":null}},"35":{"start":{"line":183,"column":13},"end":{"line":183,"column":25}},"36":{"start":{"line":194,"column":35},"end":{"line":203,"column":1}},"37":{"start":{"line":195,"column":4},"end":{"line":202,"column":null}},"38":{"start":{"line":194,"column":13},"end":{"line":194,"column":35}},"39":{"start":{"line":206,"column":29},"end":{"line":215,"column":1}},"40":{"start":{"line":207,"column":4},"end":{"line":214,"column":null}},"41":{"start":{"line":206,"column":13},"end":{"line":206,"column":29}}},"fnMap":{"0":{"name":"(anonymous_0)","decl":{"start":{"line":97,"column":28},"end":{"line":97,"column":29}},"loc":{"start":{"line":97,"column":108},"end":{"line":149,"column":1}}},"1":{"name":"(anonymous_1)","decl":{"start":{"line":106,"column":61},"end":{"line":106,"column":65}},"loc":{"start":{"line":106,"column":69},"end":{"line":106,"column":87}}},"2":{"name":"(anonymous_2)","decl":{"start":{"line":130,"column":54},"end":{"line":130,"column":58}},"loc":{"start":{"line":130,"column":62},"end":{"line":132,"column":26}}},"3":{"name":"(anonymous_3)","decl":{"start":{"line":139,"column":44},"end":{"line":139,"column":48}},"loc":{"start":{"line":139,"column":52},"end":{"line":141,"column":26}}},"4":{"name":"(anonymous_4)","decl":{"start":{"line":152,"column":28},"end":{"line":152,"column":29}},"loc":{"start":{"line":152,"column":47},"end":{"line":159,"column":1}}},"5":{"name":"(anonymous_5)","decl":{"start":{"line":162,"column":28},"end":{"line":162,"column":29}},"loc":{"start":{"line":162,"column":63},"end":{"line":170,"column":1}}},"6":{"name":"(anonymous_6)","decl":{"start":{"line":173,"column":25},"end":{"line":173,"column":26}},"loc":{"start":{"line":173,"column":44},"end":{"line":180,"column":1}}},"7":{"name":"(anonymous_7)","decl":{"start":{"line":183,"column":25},"end":{"line":183,"column":26}},"loc":{"start":{"line":183,"column":62},"end":{"line":191,"column":1}}},"8":{"name":"(anonymous_8)","decl":{"start":{"line":194,"column":35},"end":{"line":194,"column":36}},"loc":{"start":{"line":194,"column":92},"end":{"line":203,"column":1}}},"9":{"name":"(anonymous_9)","decl":{"start":{"line":206,"column":29},"end":{"line":206,"column":30}},"loc":{"start":{"line":206,"column":82},"end":{"line":215,"column":1}}}},"branchMap":{"0":{"loc":{"start":{"line":97,"column":29},"end":{"line":97,"column":64}},"type":"default-arg","locations":[{"start":{"line":97,"column":52},"end":{"line":97,"column":64}}]},"1":{"loc":{"start":{"line":98,"column":4},"end":{"line":146,"column":5}},"type":"switch","locations":[{"start":{"line":99,"column":8},"end":{"line":103,"column":9}},{"start":{"line":104,"column":8},"end":{"line":107,"column":9}},{"start":{"line":108,"column":8},"end":{"line":110,"column":9}},{"start":{"line":111,"column":8},"end":{"line":126,"column":9}},{"start":{"line":127,"column":8},"end":{"line":134,"column":9}},{"start":{"line":135,"column":8},"end":{"line":143,"column":9}},{"start":{"line":144,"column":8},"end":{"line":145,"column":null}}]},"2":{"loc":{"start":{"line":130,"column":62},"end":{"line":132,"column":26}},"type":"cond-expr","locations":[{"start":{"line":131,"column":22},"end":{"line":131,"column":39}},{"start":{"line":132,"column":22},"end":{"line":132,"column":26}}]},"3":{"loc":{"start":{"line":139,"column":52},"end":{"line":141,"column":26}},"type":"cond-expr","locations":[{"start":{"line":140,"column":22},"end":{"line":140,"column":48}},{"start":{"line":141,"column":22},"end":{"line":141,"column":26}}]}},"s":{"0":1,"1":1,"2":1,"3":1,"4":1,"5":6,"6":1,"7":1,"8":1,"9":1,"10":1,"11":3,"12":1,"13":1,"14":1,"15":1,"16":1,"17":1,"18":3,"19":1,"20":1,"21":3,"22":0,"23":1,"24":1,"25":1,"26":1,"27":1,"28":1,"29":1,"30":1,"31":1,"32":1,"33":1,"34":1,"35":1,"36":1,"37":1,"38":1,"39":1,"40":1,"41":1},"f":{"0":6,"1":3,"2":3,"3":3,"4":1,"5":1,"6":1,"7":1,"8":1,"9":1},"b":{"0":[0],"1":[1,1,1,1,1,1,0],"2":[1,2],"3":[1,2]}}
,"/Users/kiryl/Documents/my_projects/diana/todolist/src/state/todolistReducer.ts": {"path":"/Users/kiryl/Documents/my_projects/diana/todolist/src/state/todolistReducer.ts","statementMap":{"0":{"start":{"line":1,"column":0},"end":{"line":1,"column":24}},"1":{"start":{"line":7,"column":13},"end":{"line":7,"column":null}},"2":{"start":{"line":8,"column":13},"end":{"line":8,"column":null}},"3":{"start":{"line":9,"column":20},"end":{"line":21,"column":null}},"4":{"start":{"line":22,"column":31},"end":{"line":44,"column":1}},"5":{"start":{"line":23,"column":4},"end":{"line":41,"column":5}},"6":{"start":{"line":25,"column":28},"end":{"line":30,"column":null}},"7":{"start":{"line":31,"column":12},"end":{"line":31,"column":null}},"8":{"start":{"line":34,"column":12},"end":{"line":34,"column":75}},"9":{"start":{"line":34,"column":40},"end":{"line":34,"column":73}},"10":{"start":{"line":37,"column":12},"end":{"line":37,"column":null}},"11":{"start":{"line":37,"column":37},"end":{"line":37,"column":121}},"12":{"start":{"line":40,"column":12},"end":{"line":40,"column":null}},"13":{"start":{"line":22,"column":13},"end":{"line":22,"column":31}},"14":{"start":{"line":47,"column":32},"end":{"line":54,"column":1}},"15":{"start":{"line":48,"column":4},"end":{"line":53,"column":null}},"16":{"start":{"line":47,"column":13},"end":{"line":47,"column":32}},"17":{"start":{"line":57,"column":29},"end":{"line":65,"column":1}},"18":{"start":{"line":58,"column":4},"end":{"line":64,"column":null}},"19":{"start":{"line":57,"column":13},"end":{"line":57,"column":29}},"20":{"start":{"line":68,"column":30},"end":{"line":76,"column":1}},"21":{"start":{"line":69,"column":4},"end":{"line":75,"column":null}},"22":{"start":{"line":68,"column":13},"end":{"line":68,"column":30}}},"fnMap":{"0":{"name":"(anonymous_0)","decl":{"start":{"line":22,"column":31},"end":{"line":22,"column":32}},"loc":{"start":{"line":22,"column":106},"end":{"line":44,"column":1}}},"1":{"name":"(anonymous_1)","decl":{"start":{"line":34,"column":32},"end":{"line":34,"column":36}},"loc":{"start":{"line":34,"column":40},"end":{"line":34,"column":73}}},"2":{"name":"(anonymous_2)","decl":{"start":{"line":37,"column":29},"end":{"line":37,"column":33}},"loc":{"start":{"line":37,"column":37},"end":{"line":37,"column":121}}},"3":{"name":"(anonymous_3)","decl":{"start":{"line":47,"column":32},"end":{"line":47,"column":33}},"loc":{"start":{"line":47,"column":51},"end":{"line":54,"column":1}}},"4":{"name":"(anonymous_4)","decl":{"start":{"line":57,"column":29},"end":{"line":57,"column":30}},"loc":{"start":{"line":57,"column":70},"end":{"line":65,"column":1}}},"5":{"name":"(anonymous_5)","decl":{"start":{"line":68,"column":30},"end":{"line":68,"column":31}},"loc":{"start":{"line":68,"column":67},"end":{"line":76,"column":1}}}},"branchMap":{"0":{"loc":{"start":{"line":22,"column":32},"end":{"line":22,"column":66}},"type":"default-arg","locations":[{"start":{"line":22,"column":54},"end":{"line":22,"column":66}}]},"1":{"loc":{"start":{"line":23,"column":4},"end":{"line":41,"column":5}},"type":"switch","locations":[{"start":{"line":24,"column":8},"end":{"line":32,"column":9}},{"start":{"line":33,"column":8},"end":{"line":35,"column":9}},{"start":{"line":36,"column":8},"end":{"line":38,"column":9}},{"start":{"line":39,"column":8},"end":{"line":40,"column":null}}]},"2":{"loc":{"start":{"line":37,"column":37},"end":{"line":37,"column":121}},"type":"cond-expr","locations":[{"start":{"line":37,"column":73},"end":{"line":37,"column":114}},{"start":{"line":37,"column":117},"end":{"line":37,"column":121}}]}},"s":{"0":2,"1":2,"2":2,"3":2,"4":2,"5":3,"6":1,"7":1,"8":1,"9":2,"10":1,"11":2,"12":0,"13":2,"14":2,"15":0,"16":2,"17":2,"18":0,"19":2,"20":2,"21":0,"22":2},"f":{"0":3,"1":2,"2":2,"3":0,"4":0,"5":0},"b":{"0":[0],"1":[1,1,1,0],"2":[1,1]}}
}
