{"/Users/kiryl/Documents/my_projects/diana/todolist/src/type.ts": {"path":"/Users/kiryl/Documents/my_projects/diana/todolist/src/type.ts","statementMap":{"0":{"start":{"line":6,"column":0},"end":{"line":6,"column":null}},"1":{"start":{"line":7,"column":4},"end":{"line":7,"column":null}},"2":{"start":{"line":8,"column":4},"end":{"line":8,"column":null}},"3":{"start":{"line":9,"column":4},"end":{"line":9,"column":null}},"4":{"start":{"line":12,"column":0},"end":{"line":12,"column":null}},"5":{"start":{"line":13,"column":4},"end":{"line":13,"column":null}},"6":{"start":{"line":14,"column":4},"end":{"line":14,"column":null}},"7":{"start":{"line":15,"column":4},"end":{"line":15,"column":null}},"8":{"start":{"line":16,"column":4},"end":{"line":16,"column":null}},"9":{"start":{"line":19,"column":0},"end":{"line":19,"column":null}},"10":{"start":{"line":20,"column":4},"end":{"line":20,"column":null}},"11":{"start":{"line":21,"column":4},"end":{"line":21,"column":null}},"12":{"start":{"line":22,"column":4},"end":{"line":22,"column":null}},"13":{"start":{"line":23,"column":4},"end":{"line":23,"column":null}},"14":{"start":{"line":24,"column":4},"end":{"line":24,"column":null}}},"fnMap":{"0":{"name":"(anonymous_0)","decl":{"start":{"line":6,"column":0},"end":{"line":6,"column":12}},"loc":{"start":{"line":6,"column":26},"end":{"line":10,"column":1}}},"1":{"name":"(anonymous_1)","decl":{"start":{"line":12,"column":0},"end":{"line":12,"column":12}},"loc":{"start":{"line":12,"column":24},"end":{"line":17,"column":1}}},"2":{"name":"(anonymous_2)","decl":{"start":{"line":19,"column":0},"end":{"line":19,"column":12}},"loc":{"start":{"line":19,"column":26},"end":{"line":25,"column":1}}}},"branchMap":{"0":{"loc":{"start":{"line":6,"column":12},"end":{"line":6,"column":null}},"type":"binary-expr","locations":[{"start":{"line":6,"column":12},"end":{"line":6,"column":26}},{"start":{"line":6,"column":26},"end":{"line":6,"column":null}}]},"1":{"loc":{"start":{"line":12,"column":12},"end":{"line":12,"column":null}},"type":"binary-expr","locations":[{"start":{"line":12,"column":12},"end":{"line":12,"column":24}},{"start":{"line":12,"column":24},"end":{"line":12,"column":null}}]},"2":{"loc":{"start":{"line":19,"column":12},"end":{"line":19,"column":null}},"type":"binary-expr","locations":[{"start":{"line":19,"column":12},"end":{"line":19,"column":26}},{"start":{"line":19,"column":26},"end":{"line":19,"column":null}}]}},"s":{"0":2,"1":2,"2":2,"3":2,"4":2,"5":2,"6":2,"7":2,"8":2,"9":2,"10":2,"11":2,"12":2,"13":2,"14":2},"f":{"0":2,"1":2,"2":2},"b":{"0":[2,2],"1":[2,2],"2":[2,2]}}
,"/Users/kiryl/Documents/my_projects/diana/todolist/src/api/commonAPI.ts": {"path":"/Users/kiryl/Documents/my_projects/diana/todolist/src/api/commonAPI.ts","statementMap":{"0":{"start":{"line":1,"column":0},"end":{"line":1,"column":26}},"1":{"start":{"line":4,"column":13},"end":{"line":9,"column":null}},"2":{"start":{"line":11,"column":13},"end":{"line":14,"column":null}}},"fnMap":{},"branchMap":{},"s":{"0":2,"1":2,"2":2},"f":{},"b":{}}
,"/Users/kiryl/Documents/my_projects/diana/todolist/src/api/tasksAPI.ts": {"path":"/Users/kiryl/Documents/my_projects/diana/todolist/src/api/tasksAPI.ts","statementMap":{"0":{"start":{"line":1,"column":0},"end":{"line":1,"column":95}},"1":{"start":{"line":2,"column":13},"end":{"line":31,"column":null}},"2":{"start":{"line":4,"column":8},"end":{"line":8,"column":null}},"3":{"start":{"line":6,"column":16},"end":{"line":6,"column":null}},"4":{"start":{"line":7,"column":15},"end":{"line":7,"column":null}},"5":{"start":{"line":11,"column":8},"end":{"line":15,"column":null}},"6":{"start":{"line":13,"column":16},"end":{"line":13,"column":null}},"7":{"start":{"line":14,"column":16},"end":{"line":14,"column":null}},"8":{"start":{"line":18,"column":8},"end":{"line":22,"column":null}},"9":{"start":{"line":20,"column":16},"end":{"line":20,"column":null}},"10":{"start":{"line":21,"column":16},"end":{"line":21,"column":null}},"11":{"start":{"line":25,"column":8},"end":{"line":29,"column":null}},"12":{"start":{"line":27,"column":16},"end":{"line":27,"column":null}},"13":{"start":{"line":28,"column":16},"end":{"line":28,"column":null}}},"fnMap":{"0":{"name":"(anonymous_0)","decl":{"start":{"line":3,"column":4},"end":{"line":3,"column":12}},"loc":{"start":{"line":3,"column":30},"end":{"line":9,"column":5}}},"1":{"name":"(anonymous_1)","decl":{"start":{"line":5,"column":18},"end":{"line":5,"column":19}},"loc":{"start":{"line":5,"column":26},"end":{"line":8,"column":13}}},"2":{"name":"(anonymous_2)","decl":{"start":{"line":10,"column":4},"end":{"line":10,"column":14}},"loc":{"start":{"line":10,"column":45},"end":{"line":16,"column":5}}},"3":{"name":"(anonymous_3)","decl":{"start":{"line":12,"column":18},"end":{"line":12,"column":19}},"loc":{"start":{"line":12,"column":26},"end":{"line":15,"column":13}}},"4":{"name":"(anonymous_4)","decl":{"start":{"line":17,"column":4},"end":{"line":17,"column":14}},"loc":{"start":{"line":17,"column":42},"end":{"line":23,"column":5}}},"5":{"name":"(anonymous_5)","decl":{"start":{"line":19,"column":18},"end":{"line":19,"column":19}},"loc":{"start":{"line":19,"column":26},"end":{"line":22,"column":13}}},"6":{"name":"(anonymous_6)","decl":{"start":{"line":24,"column":4},"end":{"line":24,"column":14}},"loc":{"start":{"line":24,"column":67},"end":{"line":30,"column":5}}},"7":{"name":"(anonymous_7)","decl":{"start":{"line":26,"column":18},"end":{"line":26,"column":19}},"loc":{"start":{"line":26,"column":26},"end":{"line":29,"column":13}}}},"branchMap":{},"s":{"0":2,"1":2,"2":0,"3":0,"4":0,"5":0,"6":0,"7":0,"8":0,"9":0,"10":0,"11":0,"12":0,"13":0},"f":{"0":0,"1":0,"2":0,"3":0,"4":0,"5":0,"6":0,"7":0},"b":{}}
,"/Users/kiryl/Documents/my_projects/diana/todolist/src/api/todolistsApi.ts": {"path":"/Users/kiryl/Documents/my_projects/diana/todolist/src/api/todolistsApi.ts","statementMap":{"0":{"start":{"line":1,"column":0},"end":{"line":1,"column":68}},"1":{"start":{"line":2,"column":13},"end":{"line":31,"column":null}},"2":{"start":{"line":4,"column":8},"end":{"line":8,"column":null}},"3":{"start":{"line":6,"column":16},"end":{"line":6,"column":null}},"4":{"start":{"line":7,"column":16},"end":{"line":7,"column":null}},"5":{"start":{"line":11,"column":8},"end":{"line":15,"column":null}},"6":{"start":{"line":13,"column":16},"end":{"line":13,"column":null}},"7":{"start":{"line":14,"column":16},"end":{"line":14,"column":null}},"8":{"start":{"line":18,"column":8},"end":{"line":22,"column":null}},"9":{"start":{"line":20,"column":16},"end":{"line":20,"column":null}},"10":{"start":{"line":21,"column":16},"end":{"line":21,"column":null}},"11":{"start":{"line":25,"column":8},"end":{"line":29,"column":null}},"12":{"start":{"line":27,"column":16},"end":{"line":27,"column":null}},"13":{"start":{"line":28,"column":16},"end":{"line":28,"column":null}}},"fnMap":{"0":{"name":"(anonymous_0)","decl":{"start":{"line":3,"column":4},"end":{"line":3,"column":16}},"loc":{"start":{"line":3,"column":16},"end":{"line":9,"column":5}}},"1":{"name":"(anonymous_1)","decl":{"start":{"line":5,"column":18},"end":{"line":5,"column":19}},"loc":{"start":{"line":5,"column":26},"end":{"line":8,"column":13}}},"2":{"name":"(anonymous_2)","decl":{"start":{"line":10,"column":4},"end":{"line":10,"column":18}},"loc":{"start":{"line":10,"column":31},"end":{"line":16,"column":5}}},"3":{"name":"(anonymous_3)","decl":{"start":{"line":12,"column":18},"end":{"line":12,"column":19}},"loc":{"start":{"line":12,"column":26},"end":{"line":15,"column":13}}},"4":{"name":"(anonymous_4)","decl":{"start":{"line":17,"column":4},"end":{"line":17,"column":18}},"loc":{"start":{"line":17,"column":28},"end":{"line":23,"column":5}}},"5":{"name":"(anonymous_5)","decl":{"start":{"line":19,"column":18},"end":{"line":19,"column":19}},"loc":{"start":{"line":19,"column":26},"end":{"line":22,"column":13}}},"6":{"name":"(anonymous_6)","decl":{"start":{"line":24,"column":4},"end":{"line":24,"column":18}},"loc":{"start":{"line":24,"column":42},"end":{"line":30,"column":5}}},"7":{"name":"(anonymous_7)","decl":{"start":{"line":26,"column":18},"end":{"line":26,"column":19}},"loc":{"start":{"line":26,"column":26},"end":{"line":29,"column":13}}}},"branchMap":{},"s":{"0":1,"1":1,"2":0,"3":0,"4":0,"5":0,"6":0,"7":0,"8":0,"9":0,"10":0,"11":0,"12":0,"13":0},"f":{"0":0,"1":0,"2":0,"3":0,"4":0,"5":0,"6":0,"7":0},"b":{}}
,"/Users/kiryl/Documents/my_projects/diana/todolist/src/state/tasksReduser.ts": {"path":"/Users/kiryl/Documents/my_projects/diana/todolist/src/state/tasksReduser.ts","statementMap":{"0":{"start":{"line":1,"column":0},"end":{"line":1,"column":71}},"1":{"start":{"line":2,"column":0},"end":{"line":2,"column":24}},"2":{"start":{"line":6,"column":0},"end":{"line":6,"column":44}},"3":{"start":{"line":18,"column":36},"end":{"line":18,"column":38}},"4":{"start":{"line":21,"column":28},"end":{"line":90,"column":1}},"5":{"start":{"line":22,"column":4},"end":{"line":87,"column":5}},"6":{"start":{"line":24,"column":33},"end":{"line":24,"column":43}},"7":{"start":{"line":25,"column":12},"end":{"line":25,"column":55}},"8":{"start":{"line":26,"column":12},"end":{"line":26,"column":null}},"9":{"start":{"line":29,"column":37},"end":{"line":29,"column":82}},"10":{"start":{"line":30,"column":12},"end":{"line":30,"column":null}},"11":{"start":{"line":30,"column":69},"end":{"line":30,"column":87}},"12":{"start":{"line":33,"column":12},"end":{"line":33,"column":null}},"13":{"start":{"line":36,"column":39},"end":{"line":36,"column":81}},"14":{"start":{"line":37,"column":28},"end":{"line":48,"column":14}},"15":{"start":{"line":49,"column":12},"end":{"line":49,"column":null}},"16":{"start":{"line":52,"column":45},"end":{"line":52,"column":97}},"17":{"start":{"line":53,"column":12},"end":{"line":57,"column":null}},"18":{"start":{"line":54,"column":62},"end":{"line":56,"column":26}},"19":{"start":{"line":60,"column":47},"end":{"line":60,"column":95}},"20":{"start":{"line":61,"column":12},"end":{"line":66,"column":null}},"21":{"start":{"line":63,"column":52},"end":{"line":65,"column":26}},"22":{"start":{"line":69,"column":12},"end":{"line":69,"column":null}},"23":{"start":{"line":70,"column":30},"end":{"line":70,"column":54}},"24":{"start":{"line":71,"column":12},"end":{"line":74,"column":null}},"25":{"start":{"line":77,"column":30},"end":{"line":77,"column":58}},"26":{"start":{"line":79,"column":12},"end":{"line":81,"column":null}},"27":{"start":{"line":80,"column":16},"end":{"line":80,"column":null}},"28":{"start":{"line":86,"column":12},"end":{"line":86,"column":null}},"29":{"start":{"line":21,"column":13},"end":{"line":21,"column":28}},"30":{"start":{"line":93,"column":28},"end":{"line":100,"column":1}},"31":{"start":{"line":94,"column":4},"end":{"line":99,"column":null}},"32":{"start":{"line":93,"column":13},"end":{"line":93,"column":28}},"33":{"start":{"line":103,"column":28},"end":{"line":111,"column":1}},"34":{"start":{"line":104,"column":4},"end":{"line":110,"column":null}},"35":{"start":{"line":103,"column":13},"end":{"line":103,"column":28}},"36":{"start":{"line":114,"column":25},"end":{"line":121,"column":1}},"37":{"start":{"line":115,"column":4},"end":{"line":120,"column":null}},"38":{"start":{"line":114,"column":13},"end":{"line":114,"column":25}},"39":{"start":{"line":124,"column":25},"end":{"line":132,"column":1}},"40":{"start":{"line":125,"column":4},"end":{"line":131,"column":null}},"41":{"start":{"line":124,"column":13},"end":{"line":124,"column":25}},"42":{"start":{"line":135,"column":35},"end":{"line":144,"column":1}},"43":{"start":{"line":136,"column":4},"end":{"line":143,"column":null}},"44":{"start":{"line":135,"column":13},"end":{"line":135,"column":35}},"45":{"start":{"line":147,"column":29},"end":{"line":156,"column":1}},"46":{"start":{"line":148,"column":4},"end":{"line":155,"column":null}},"47":{"start":{"line":147,"column":13},"end":{"line":147,"column":29}},"48":{"start":{"line":159,"column":26},"end":{"line":167,"column":1}},"49":{"start":{"line":160,"column":4},"end":{"line":166,"column":null}},"50":{"start":{"line":159,"column":13},"end":{"line":159,"column":26}},"51":{"start":{"line":170,"column":26},"end":{"line":174,"column":1}},"52":{"start":{"line":170,"column":58},"end":{"line":174,"column":1}},"53":{"start":{"line":171,"column":4},"end":{"line":173,"column":null}},"54":{"start":{"line":172,"column":24},"end":{"line":172,"column":54}},"55":{"start":{"line":173,"column":24},"end":{"line":173,"column":55}},"56":{"start":{"line":170,"column":13},"end":{"line":170,"column":26}},"57":{"start":{"line":176,"column":28},"end":{"line":185,"column":1}},"58":{"start":{"line":176,"column":80},"end":{"line":185,"column":1}},"59":{"start":{"line":177,"column":4},"end":{"line":184,"column":5}},"60":{"start":{"line":178,"column":23},"end":{"line":178,"column":64}},"61":{"start":{"line":179,"column":8},"end":{"line":181,"column":9}},"62":{"start":{"line":180,"column":12},"end":{"line":180,"column":null}},"63":{"start":{"line":183,"column":8},"end":{"line":183,"column":null}},"64":{"start":{"line":176,"column":13},"end":{"line":176,"column":28}},"65":{"start":{"line":187,"column":28},"end":{"line":196,"column":1}},"66":{"start":{"line":187,"column":82},"end":{"line":196,"column":1}},"67":{"start":{"line":188,"column":4},"end":{"line":195,"column":5}},"68":{"start":{"line":189,"column":23},"end":{"line":189,"column":66}},"69":{"start":{"line":190,"column":8},"end":{"line":192,"column":9}},"70":{"start":{"line":191,"column":12},"end":{"line":191,"column":null}},"71":{"start":{"line":194,"column":8},"end":{"line":194,"column":null}},"72":{"start":{"line":187,"column":13},"end":{"line":187,"column":28}},"73":{"start":{"line":198,"column":31},"end":{"line":218,"column":1}},"74":{"start":{"line":198,"column":101},"end":{"line":218,"column":1}},"75":{"start":{"line":199,"column":4},"end":{"line":217,"column":5}},"76":{"start":{"line":200,"column":22},"end":{"line":200,"column":32}},"77":{"start":{"line":201,"column":22},"end":{"line":201,"column":41}},"78":{"start":{"line":202,"column":21},"end":{"line":202,"column":53}},"79":{"start":{"line":202,"column":37},"end":{"line":202,"column":52}},"80":{"start":{"line":203,"column":40},"end":{"line":210,"column":null}},"81":{"start":{"line":211,"column":23},"end":{"line":211,"column":71}},"82":{"start":{"line":212,"column":8},"end":{"line":214,"column":9}},"83":{"start":{"line":213,"column":12},"end":{"line":213,"column":null}},"84":{"start":{"line":216,"column":8},"end":{"line":216,"column":null}},"85":{"start":{"line":198,"column":13},"end":{"line":198,"column":31}},"86":{"start":{"line":220,"column":35},"end":{"line":240,"column":1}},"87":{"start":{"line":220,"column":109},"end":{"line":240,"column":1}},"88":{"start":{"line":221,"column":4},"end":{"line":239,"column":5}},"89":{"start":{"line":222,"column":22},"end":{"line":222,"column":32}},"90":{"start":{"line":223,"column":22},"end":{"line":223,"column":41}},"91":{"start":{"line":224,"column":21},"end":{"line":224,"column":53}},"92":{"start":{"line":224,"column":37},"end":{"line":224,"column":52}},"93":{"start":{"line":225,"column":40},"end":{"line":232,"column":null}},"94":{"start":{"line":233,"column":23},"end":{"line":233,"column":71}},"95":{"start":{"line":234,"column":8},"end":{"line":236,"column":9}},"96":{"start":{"line":235,"column":12},"end":{"line":235,"column":null}},"97":{"start":{"line":238,"column":8},"end":{"line":238,"column":null}},"98":{"start":{"line":220,"column":13},"end":{"line":220,"column":35}}},"fnMap":{"0":{"name":"(anonymous_0)","decl":{"start":{"line":21,"column":28},"end":{"line":21,"column":29}},"loc":{"start":{"line":21,"column":108},"end":{"line":90,"column":1}}},"1":{"name":"(anonymous_1)","decl":{"start":{"line":30,"column":61},"end":{"line":30,"column":65}},"loc":{"start":{"line":30,"column":69},"end":{"line":30,"column":87}}},"2":{"name":"(anonymous_2)","decl":{"start":{"line":54,"column":54},"end":{"line":54,"column":58}},"loc":{"start":{"line":54,"column":62},"end":{"line":56,"column":26}}},"3":{"name":"(anonymous_3)","decl":{"start":{"line":63,"column":44},"end":{"line":63,"column":48}},"loc":{"start":{"line":63,"column":52},"end":{"line":65,"column":26}}},"4":{"name":"(anonymous_4)","decl":{"start":{"line":79,"column":54},"end":{"line":79,"column":55}},"loc":{"start":{"line":79,"column":68},"end":{"line":81,"column":13}}},"5":{"name":"(anonymous_5)","decl":{"start":{"line":93,"column":28},"end":{"line":93,"column":29}},"loc":{"start":{"line":93,"column":47},"end":{"line":100,"column":1}}},"6":{"name":"(anonymous_6)","decl":{"start":{"line":103,"column":28},"end":{"line":103,"column":29}},"loc":{"start":{"line":103,"column":63},"end":{"line":111,"column":1}}},"7":{"name":"(anonymous_7)","decl":{"start":{"line":114,"column":25},"end":{"line":114,"column":26}},"loc":{"start":{"line":114,"column":44},"end":{"line":121,"column":1}}},"8":{"name":"(anonymous_8)","decl":{"start":{"line":124,"column":25},"end":{"line":124,"column":26}},"loc":{"start":{"line":124,"column":62},"end":{"line":132,"column":1}}},"9":{"name":"(anonymous_9)","decl":{"start":{"line":135,"column":35},"end":{"line":135,"column":36}},"loc":{"start":{"line":135,"column":92},"end":{"line":144,"column":1}}},"10":{"name":"(anonymous_10)","decl":{"start":{"line":147,"column":29},"end":{"line":147,"column":30}},"loc":{"start":{"line":147,"column":82},"end":{"line":156,"column":1}}},"11":{"name":"(anonymous_11)","decl":{"start":{"line":159,"column":26},"end":{"line":159,"column":27}},"loc":{"start":{"line":159,"column":62},"end":{"line":167,"column":1}}},"12":{"name":"(anonymous_12)","decl":{"start":{"line":170,"column":26},"end":{"line":170,"column":27}},"loc":{"start":{"line":170,"column":58},"end":{"line":174,"column":1}}},"13":{"name":"(anonymous_13)","decl":{"start":{"line":170,"column":58},"end":{"line":170,"column":59}},"loc":{"start":{"line":170,"column":71},"end":{"line":174,"column":1}}},"14":{"name":"(anonymous_14)","decl":{"start":{"line":172,"column":14},"end":{"line":172,"column":15}},"loc":{"start":{"line":172,"column":24},"end":{"line":172,"column":54}}},"15":{"name":"(anonymous_15)","decl":{"start":{"line":173,"column":15},"end":{"line":173,"column":16}},"loc":{"start":{"line":173,"column":24},"end":{"line":173,"column":55}}},"16":{"name":"(anonymous_16)","decl":{"start":{"line":176,"column":28},"end":{"line":176,"column":29}},"loc":{"start":{"line":176,"column":80},"end":{"line":185,"column":1}}},"17":{"name":"(anonymous_17)","decl":{"start":{"line":176,"column":80},"end":{"line":176,"column":85}},"loc":{"start":{"line":176,"column":99},"end":{"line":185,"column":1}}},"18":{"name":"(anonymous_18)","decl":{"start":{"line":187,"column":28},"end":{"line":187,"column":29}},"loc":{"start":{"line":187,"column":82},"end":{"line":196,"column":1}}},"19":{"name":"(anonymous_19)","decl":{"start":{"line":187,"column":82},"end":{"line":187,"column":87}},"loc":{"start":{"line":187,"column":101},"end":{"line":196,"column":1}}},"20":{"name":"(anonymous_20)","decl":{"start":{"line":198,"column":31},"end":{"line":198,"column":32}},"loc":{"start":{"line":198,"column":101},"end":{"line":218,"column":1}}},"21":{"name":"(anonymous_21)","decl":{"start":{"line":198,"column":101},"end":{"line":198,"column":106}},"loc":{"start":{"line":198,"column":130},"end":{"line":218,"column":1}}},"22":{"name":"(anonymous_22)","decl":{"start":{"line":202,"column":32},"end":{"line":202,"column":33}},"loc":{"start":{"line":202,"column":37},"end":{"line":202,"column":52}}},"23":{"name":"(anonymous_23)","decl":{"start":{"line":220,"column":35},"end":{"line":220,"column":36}},"loc":{"start":{"line":220,"column":109},"end":{"line":240,"column":1}}},"24":{"name":"(anonymous_24)","decl":{"start":{"line":220,"column":109},"end":{"line":220,"column":114}},"loc":{"start":{"line":220,"column":138},"end":{"line":240,"column":1}}},"25":{"name":"(anonymous_25)","decl":{"start":{"line":224,"column":32},"end":{"line":224,"column":33}},"loc":{"start":{"line":224,"column":37},"end":{"line":224,"column":52}}}},"branchMap":{"0":{"loc":{"start":{"line":21,"column":29},"end":{"line":21,"column":64}},"type":"default-arg","locations":[{"start":{"line":21,"column":52},"end":{"line":21,"column":64}}]},"1":{"loc":{"start":{"line":22,"column":4},"end":{"line":87,"column":5}},"type":"switch","locations":[{"start":{"line":23,"column":8},"end":{"line":27,"column":9}},{"start":{"line":28,"column":8},"end":{"line":31,"column":9}},{"start":{"line":32,"column":8},"end":{"line":34,"column":9}},{"start":{"line":35,"column":8},"end":{"line":50,"column":9}},{"start":{"line":51,"column":8},"end":{"line":58,"column":9}},{"start":{"line":59,"column":8},"end":{"line":67,"column":9}},{"start":{"line":68,"column":8},"end":{"line":75,"column":9}},{"start":{"line":76,"column":8},"end":{"line":82,"column":9}},{"start":{"line":85,"column":8},"end":{"line":86,"column":null}}]},"2":{"loc":{"start":{"line":54,"column":62},"end":{"line":56,"column":26}},"type":"cond-expr","locations":[{"start":{"line":55,"column":22},"end":{"line":55,"column":39}},{"start":{"line":56,"column":22},"end":{"line":56,"column":26}}]},"3":{"loc":{"start":{"line":63,"column":52},"end":{"line":65,"column":26}},"type":"cond-expr","locations":[{"start":{"line":64,"column":22},"end":{"line":64,"column":48}},{"start":{"line":65,"column":22},"end":{"line":65,"column":26}}]},"4":{"loc":{"start":{"line":179,"column":8},"end":{"line":181,"column":9}},"type":"if","locations":[{"start":{"line":179,"column":8},"end":{"line":181,"column":9}}]},"5":{"loc":{"start":{"line":190,"column":8},"end":{"line":192,"column":9}},"type":"if","locations":[{"start":{"line":190,"column":8},"end":{"line":192,"column":9}}]},"6":{"loc":{"start":{"line":212,"column":8},"end":{"line":214,"column":9}},"type":"if","locations":[{"start":{"line":212,"column":8},"end":{"line":214,"column":9}}]},"7":{"loc":{"start":{"line":234,"column":8},"end":{"line":236,"column":9}},"type":"if","locations":[{"start":{"line":234,"column":8},"end":{"line":236,"column":9}}]}},"s":{"0":2,"1":2,"2":2,"3":2,"4":2,"5":6,"6":1,"7":1,"8":1,"9":1,"10":1,"11":3,"12":1,"13":1,"14":1,"15":1,"16":1,"17":1,"18":3,"19":1,"20":1,"21":3,"22":0,"23":0,"24":0,"25":0,"26":0,"27":0,"28":0,"29":2,"30":2,"31":1,"32":2,"33":2,"34":1,"35":2,"36":2,"37":1,"38":2,"39":2,"40":1,"41":2,"42":2,"43":1,"44":2,"45":2,"46":1,"47":2,"48":2,"49":0,"50":2,"51":2,"52":0,"53":0,"54":0,"55":0,"56":2,"57":2,"58":0,"59":0,"60":0,"61":0,"62":0,"63":0,"64":2,"65":2,"66":0,"67":0,"68":0,"69":0,"70":0,"71":0,"72":2,"73":2,"74":0,"75":0,"76":0,"77":0,"78":0,"79":0,"80":0,"81":0,"82":0,"83":0,"84":0,"85":2,"86":2,"87":0,"88":0,"89":0,"90":0,"91":0,"92":0,"93":0,"94":0,"95":0,"96":0,"97":0,"98":2},"f":{"0":6,"1":3,"2":3,"3":3,"4":0,"5":1,"6":1,"7":1,"8":1,"9":1,"10":1,"11":0,"12":0,"13":0,"14":0,"15":0,"16":0,"17":0,"18":0,"19":0,"20":0,"21":0,"22":0,"23":0,"24":0,"25":0},"b":{"0":[0],"1":[1,1,1,1,1,1,0,0,0],"2":[1,2],"3":[1,2],"4":[0],"5":[0],"6":[0],"7":[0]}}
,"/Users/kiryl/Documents/my_projects/diana/todolist/src/state/todolistReducer.ts": {"path":"/Users/kiryl/Documents/my_projects/diana/todolist/src/state/todolistReducer.ts","statementMap":{"0":{"start":{"line":1,"column":0},"end":{"line":1,"column":24}},"1":{"start":{"line":3,"column":0},"end":{"line":3,"column":52}},"2":{"start":{"line":5,"column":0},"end":{"line":5,"column":58}},"3":{"start":{"line":10,"column":13},"end":{"line":10,"column":null}},"4":{"start":{"line":11,"column":13},"end":{"line":11,"column":null}},"5":{"start":{"line":12,"column":37},"end":{"line":12,"column":39}},"6":{"start":{"line":13,"column":31},"end":{"line":36,"column":1}},"7":{"start":{"line":14,"column":4},"end":{"line":33,"column":5}},"8":{"start":{"line":16,"column":12},"end":{"line":16,"column":null}},"9":{"start":{"line":19,"column":12},"end":{"line":19,"column":75}},"10":{"start":{"line":19,"column":40},"end":{"line":19,"column":73}},"11":{"start":{"line":22,"column":12},"end":{"line":25,"column":null}},"12":{"start":{"line":22,"column":37},"end":{"line":25,"column":20}},"13":{"start":{"line":28,"column":12},"end":{"line":28,"column":null}},"14":{"start":{"line":32,"column":12},"end":{"line":32,"column":null}},"15":{"start":{"line":13,"column":13},"end":{"line":13,"column":31}},"16":{"start":{"line":39,"column":32},"end":{"line":46,"column":1}},"17":{"start":{"line":40,"column":4},"end":{"line":45,"column":null}},"18":{"start":{"line":39,"column":13},"end":{"line":39,"column":32}},"19":{"start":{"line":49,"column":29},"end":{"line":56,"column":1}},"20":{"start":{"line":50,"column":4},"end":{"line":55,"column":null}},"21":{"start":{"line":49,"column":13},"end":{"line":49,"column":29}},"22":{"start":{"line":59,"column":30},"end":{"line":67,"column":1}},"23":{"start":{"line":60,"column":4},"end":{"line":66,"column":null}},"24":{"start":{"line":59,"column":13},"end":{"line":59,"column":30}},"25":{"start":{"line":70,"column":30},"end":{"line":77,"column":1}},"26":{"start":{"line":71,"column":4},"end":{"line":76,"column":null}},"27":{"start":{"line":70,"column":13},"end":{"line":70,"column":30}},"28":{"start":{"line":80,"column":30},"end":{"line":84,"column":1}},"29":{"start":{"line":80,"column":52},"end":{"line":84,"column":1}},"30":{"start":{"line":81,"column":4},"end":{"line":83,"column":null}},"31":{"start":{"line":82,"column":8},"end":{"line":82,"column":null}},"32":{"start":{"line":83,"column":22},"end":{"line":83,"column":53}},"33":{"start":{"line":80,"column":13},"end":{"line":80,"column":30}},"34":{"start":{"line":86,"column":32},"end":{"line":94,"column":1}},"35":{"start":{"line":86,"column":69},"end":{"line":94,"column":1}},"36":{"start":{"line":87,"column":4},"end":{"line":92,"column":null}},"37":{"start":{"line":88,"column":8},"end":{"line":91,"column":9}},"38":{"start":{"line":89,"column":12},"end":{"line":89,"column":null}},"39":{"start":{"line":90,"column":12},"end":{"line":90,"column":null}},"40":{"start":{"line":92,"column":18},"end":{"line":92,"column":49}},"41":{"start":{"line":86,"column":13},"end":{"line":86,"column":32}},"42":{"start":{"line":96,"column":33},"end":{"line":106,"column":1}},"43":{"start":{"line":96,"column":64},"end":{"line":106,"column":1}},"44":{"start":{"line":97,"column":4},"end":{"line":105,"column":5}},"45":{"start":{"line":98,"column":21},"end":{"line":98,"column":58}},"46":{"start":{"line":99,"column":8},"end":{"line":102,"column":9}},"47":{"start":{"line":100,"column":12},"end":{"line":100,"column":null}},"48":{"start":{"line":101,"column":12},"end":{"line":101,"column":null}},"49":{"start":{"line":104,"column":8},"end":{"line":104,"column":null}},"50":{"start":{"line":96,"column":13},"end":{"line":96,"column":33}},"51":{"start":{"line":108,"column":36},"end":{"line":117,"column":1}},"52":{"start":{"line":108,"column":83},"end":{"line":117,"column":1}},"53":{"start":{"line":109,"column":4},"end":{"line":116,"column":5}},"54":{"start":{"line":110,"column":22},"end":{"line":110,"column":69}},"55":{"start":{"line":111,"column":8},"end":{"line":113,"column":9}},"56":{"start":{"line":112,"column":12},"end":{"line":112,"column":null}},"57":{"start":{"line":115,"column":8},"end":{"line":115,"column":null}},"58":{"start":{"line":108,"column":13},"end":{"line":108,"column":36}}},"fnMap":{"0":{"name":"(anonymous_0)","decl":{"start":{"line":13,"column":31},"end":{"line":13,"column":32}},"loc":{"start":{"line":13,"column":108},"end":{"line":36,"column":1}}},"1":{"name":"(anonymous_1)","decl":{"start":{"line":19,"column":32},"end":{"line":19,"column":36}},"loc":{"start":{"line":19,"column":40},"end":{"line":19,"column":73}}},"2":{"name":"(anonymous_2)","decl":{"start":{"line":22,"column":29},"end":{"line":22,"column":33}},"loc":{"start":{"line":22,"column":37},"end":{"line":25,"column":20}}},"3":{"name":"(anonymous_3)","decl":{"start":{"line":39,"column":32},"end":{"line":39,"column":33}},"loc":{"start":{"line":39,"column":51},"end":{"line":46,"column":1}}},"4":{"name":"(anonymous_4)","decl":{"start":{"line":49,"column":29},"end":{"line":49,"column":30}},"loc":{"start":{"line":49,"column":51},"end":{"line":56,"column":1}}},"5":{"name":"(anonymous_5)","decl":{"start":{"line":59,"column":30},"end":{"line":59,"column":31}},"loc":{"start":{"line":59,"column":67},"end":{"line":67,"column":1}}},"6":{"name":"(anonymous_6)","decl":{"start":{"line":70,"column":30},"end":{"line":70,"column":31}},"loc":{"start":{"line":70,"column":55},"end":{"line":77,"column":1}}},"7":{"name":"(anonymous_7)","decl":{"start":{"line":80,"column":30},"end":{"line":80,"column":49}},"loc":{"start":{"line":80,"column":52},"end":{"line":84,"column":1}}},"8":{"name":"(anonymous_8)","decl":{"start":{"line":80,"column":52},"end":{"line":80,"column":53}},"loc":{"start":{"line":80,"column":65},"end":{"line":84,"column":1}}},"9":{"name":"(anonymous_9)","decl":{"start":{"line":81,"column":37},"end":{"line":81,"column":41}},"loc":{"start":{"line":81,"column":44},"end":{"line":83,"column":5}}},"10":{"name":"(anonymous_10)","decl":{"start":{"line":83,"column":13},"end":{"line":83,"column":14}},"loc":{"start":{"line":83,"column":22},"end":{"line":83,"column":53}}},"11":{"name":"(anonymous_11)","decl":{"start":{"line":86,"column":32},"end":{"line":86,"column":33}},"loc":{"start":{"line":86,"column":69},"end":{"line":94,"column":1}}},"12":{"name":"(anonymous_12)","decl":{"start":{"line":86,"column":69},"end":{"line":86,"column":70}},"loc":{"start":{"line":86,"column":82},"end":{"line":94,"column":1}}},"13":{"name":"(anonymous_13)","decl":{"start":{"line":87,"column":47},"end":{"line":87,"column":51}},"loc":{"start":{"line":87,"column":53},"end":{"line":92,"column":5}}},"14":{"name":"(anonymous_14)","decl":{"start":{"line":92,"column":13},"end":{"line":92,"column":16}},"loc":{"start":{"line":92,"column":18},"end":{"line":92,"column":49}}},"15":{"name":"(anonymous_15)","decl":{"start":{"line":96,"column":33},"end":{"line":96,"column":34}},"loc":{"start":{"line":96,"column":64},"end":{"line":106,"column":1}}},"16":{"name":"(anonymous_16)","decl":{"start":{"line":96,"column":64},"end":{"line":96,"column":69}},"loc":{"start":{"line":96,"column":83},"end":{"line":106,"column":1}}},"17":{"name":"(anonymous_17)","decl":{"start":{"line":108,"column":36},"end":{"line":108,"column":37}},"loc":{"start":{"line":108,"column":83},"end":{"line":117,"column":1}}},"18":{"name":"(anonymous_18)","decl":{"start":{"line":108,"column":83},"end":{"line":108,"column":88}},"loc":{"start":{"line":108,"column":102},"end":{"line":117,"column":1}}}},"branchMap":{"0":{"loc":{"start":{"line":13,"column":32},"end":{"line":13,"column":68}},"type":"default-arg","locations":[{"start":{"line":13,"column":56},"end":{"line":13,"column":68}}]},"1":{"loc":{"start":{"line":14,"column":4},"end":{"line":33,"column":5}},"type":"switch","locations":[{"start":{"line":15,"column":8},"end":{"line":17,"column":9}},{"start":{"line":18,"column":8},"end":{"line":20,"column":9}},{"start":{"line":21,"column":8},"end":{"line":26,"column":9}},{"start":{"line":27,"column":8},"end":{"line":29,"column":9}},{"start":{"line":31,"column":8},"end":{"line":32,"column":null}}]},"2":{"loc":{"start":{"line":22,"column":37},"end":{"line":25,"column":20}},"type":"cond-expr","locations":[{"start":{"line":22,"column":73},"end":{"line":25,"column":14}},{"start":{"line":25,"column":16},"end":{"line":25,"column":20}}]},"3":{"loc":{"start":{"line":88,"column":8},"end":{"line":91,"column":9}},"type":"if","locations":[{"start":{"line":88,"column":8},"end":{"line":91,"column":9}}]},"4":{"loc":{"start":{"line":99,"column":8},"end":{"line":102,"column":9}},"type":"if","locations":[{"start":{"line":99,"column":8},"end":{"line":102,"column":9}}]},"5":{"loc":{"start":{"line":111,"column":8},"end":{"line":113,"column":9}},"type":"if","locations":[{"start":{"line":111,"column":8},"end":{"line":113,"column":9}}]}},"s":{"0":1,"1":1,"2":1,"3":1,"4":1,"5":1,"6":1,"7":3,"8":1,"9":1,"10":2,"11":1,"12":2,"13":0,"14":0,"15":1,"16":1,"17":0,"18":1,"19":1,"20":0,"21":1,"22":1,"23":0,"24":1,"25":1,"26":0,"27":1,"28":1,"29":0,"30":0,"31":0,"32":0,"33":1,"34":1,"35":0,"36":0,"37":0,"38":0,"39":0,"40":0,"41":1,"42":1,"43":0,"44":0,"45":0,"46":0,"47":0,"48":0,"49":0,"50":1,"51":1,"52":0,"53":0,"54":0,"55":0,"56":0,"57":0,"58":1},"f":{"0":3,"1":2,"2":2,"3":0,"4":0,"5":0,"6":0,"7":0,"8":0,"9":0,"10":0,"11":0,"12":0,"13":0,"14":0,"15":0,"16":0,"17":0,"18":0},"b":{"0":[0],"1":[1,1,1,0,0],"2":[1,1],"3":[0],"4":[0],"5":[0]}}
}
