TN:
SF:src/api/authAPI.ts
FN:9,(anonymous_0)
FN:10,(anonymous_1)
FN:14,(anonymous_2)
FN:17,(anonymous_3)
FN:22,(anonymous_4)
FN:23,(anonymous_5)
FNF:6
FNH:0
FNDA:0,(anonymous_0)
FNDA:0,(anonymous_1)
FNDA:0,(anonymous_2)
FNDA:0,(anonymous_3)
FNDA:0,(anonymous_4)
FNDA:0,(anonymous_5)
DA:1,3
DA:8,3
DA:10,0
DA:11,0
DA:15,0
DA:18,0
DA:19,0
DA:23,0
DA:24,0
DA:25,0
LF:10
LH:2
BRF:0
BRH:0
end_of_record
TN:
SF:src/api/commonAPI.ts
FNF:0
FNH:0
DA:1,3
DA:4,3
DA:11,3
LF:3
LH:3
BRF:0
BRH:0
end_of_record
TN:
SF:src/api/errorMessageOnDataRetrieval.ts
FN:5,(anonymous_1)
FNF:1
FNH:0
FNDA:0,(anonymous_1)
DA:1,3
DA:2,3
DA:5,3
DA:9,0
DA:10,0
DA:13,0
DA:16,0
DA:18,0
DA:23,0
LF:9
LH:3
BRDA:9,0,0,0
BRDA:9,0,1,0
BRDA:10,1,0,0
BRDA:10,1,1,0
BRDA:14,2,0,0
BRDA:14,2,1,0
BRDA:16,3,0,0
BRDA:16,3,1,0
BRDA:20,4,0,0
BRDA:20,4,1,0
BRDA:23,5,0,0
BRDA:23,5,1,0
BRF:12
BRH:0
end_of_record
TN:
SF:src/api/errorWithStatus200.ts
FN:9,(anonymous_0)
FNF:1
FNH:0
FNDA:0,(anonymous_0)
DA:1,3
DA:5,3
DA:9,3
DA:13,0
DA:14,0
DA:15,0
DA:16,0
DA:18,0
DA:19,0
DA:20,0
LF:10
LH:3
BRDA:13,0,0,0
BRDA:13,0,1,0
BRF:2
BRH:0
end_of_record
TN:
SF:src/api/tasksAPI.ts
FN:9,(anonymous_0)
FN:12,(anonymous_1)
FN:16,(anonymous_2)
FN:21,(anonymous_3)
FN:25,(anonymous_4)
FN:28,(anonymous_5)
FN:32,(anonymous_6)
FN:37,(anonymous_7)
FNF:8
FNH:0
FNDA:0,(anonymous_0)
FNDA:0,(anonymous_1)
FNDA:0,(anonymous_2)
FNDA:0,(anonymous_3)
FNDA:0,(anonymous_4)
FNDA:0,(anonymous_5)
FNDA:0,(anonymous_6)
FNDA:0,(anonymous_7)
DA:1,2
DA:8,2
DA:10,0
DA:13,0
DA:17,0
DA:22,0
DA:26,0
DA:29,0
DA:33,0
DA:38,0
LF:10
LH:2
BRF:0
BRH:0
end_of_record
TN:
SF:src/api/todolistsApi.ts
FN:3,(anonymous_0)
FN:4,(anonymous_1)
FN:8,(anonymous_2)
FN:11,(anonymous_3)
FN:15,(anonymous_4)
FN:16,(anonymous_5)
FN:20,(anonymous_6)
FN:23,(anonymous_7)
FNF:8
FNH:0
FNDA:0,(anonymous_0)
FNDA:0,(anonymous_1)
FNDA:0,(anonymous_2)
FNDA:0,(anonymous_3)
FNDA:0,(anonymous_4)
FNDA:0,(anonymous_5)
FNDA:0,(anonymous_6)
FNDA:0,(anonymous_7)
DA:1,2
DA:2,2
DA:4,0
DA:5,0
DA:9,0
DA:12,0
DA:16,0
DA:17,0
DA:21,0
DA:24,0
LF:10
LH:2
BRF:0
BRH:0
end_of_record
TN:
SF:src/state/commonActions.ts
FNF:0
FNH:0
DA:1,3
DA:3,3
LF:2
LH:2
BRF:0
BRH:0
end_of_record
TN:
SF:src/state/type.ts
FN:9,(anonymous_0)
FN:15,(anonymous_1)
FN:22,(anonymous_2)
FN:30,(anonymous_3)
FNF:4
FNH:4
FNDA:3,(anonymous_0)
FNDA:3,(anonymous_1)
FNDA:3,(anonymous_2)
FNDA:3,(anonymous_3)
DA:9,3
DA:10,3
DA:11,3
DA:12,3
DA:15,3
DA:16,3
DA:17,3
DA:18,3
DA:19,3
DA:22,3
DA:23,3
DA:24,3
DA:25,3
DA:26,3
DA:27,3
DA:30,3
DA:31,3
DA:32,3
DA:33,3
DA:34,3
LF:20
LH:20
BRDA:9,0,0,3
BRDA:9,0,1,3
BRDA:15,1,0,3
BRDA:15,1,1,3
BRDA:22,2,0,3
BRDA:22,2,1,3
BRDA:30,3,0,3
BRDA:30,3,1,3
BRF:8
BRH:8
end_of_record
TN:
SF:src/state/app/appReducer.ts
FN:31,(anonymous_0)
FN:61,(anonymous_1)
FN:90,(anonymous_2)
FN:122,(anonymous_3)
FN:128,(anonymous_4)
FN:134,(anonymous_5)
FN:138,(anonymous_6)
FN:145,(anonymous_7)
FN:146,(anonymous_8)
FNF:9
FNH:5
FNDA:0,(anonymous_0)
FNDA:0,(anonymous_1)
FNDA:0,(anonymous_2)
FNDA:1,(anonymous_3)
FNDA:1,(anonymous_4)
FNDA:1,(anonymous_5)
FNDA:0,(anonymous_6)
FNDA:1,(anonymous_7)
FNDA:1,(anonymous_8)
DA:1,3
DA:2,3
DA:3,3
DA:5,3
DA:6,3
DA:7,3
DA:17,3
DA:29,3
DA:32,0
DA:35,0
DA:36,0
DA:37,0
DA:38,0
DA:41,0
DA:43,0
DA:47,0
DA:50,0
DA:54,0
DA:59,3
DA:62,0
DA:65,0
DA:66,0
DA:67,0
DA:68,0
DA:69,0
DA:72,0
DA:74,0
DA:78,0
DA:81,0
DA:88,3
DA:91,0
DA:94,0
DA:95,0
DA:96,0
DA:97,0
DA:98,0
DA:101,0
DA:102,0
DA:104,0
DA:108,0
DA:111,0
DA:118,3
DA:126,1
DA:132,1
DA:135,1
DA:136,1
DA:142,0
DA:146,1
DA:147,1
DA:148,1
DA:152,3
DA:153,3
LF:52
LH:20
BRDA:37,0,0,0
BRDA:67,1,0,0
BRDA:96,2,0,0
BRF:3
BRH:0
end_of_record
TN:
SF:src/state/tasks/tasksReduser.ts
FN:25,(anonymous_0)
FN:48,(anonymous_1)
FN:76,(anonymous_2)
FN:113,(anonymous_3)
FN:123,(anonymous_4)
FN:163,(anonymous_5)
FN:165,(anonymous_6)
FN:168,(anonymous_7)
FN:169,(anonymous_8)
FN:173,(anonymous_9)
FN:178,(anonymous_10)
FN:183,(anonymous_11)
FN:188,(anonymous_12)
FN:193,(anonymous_13)
FN:196,(anonymous_14)
FN:200,(anonymous_15)
FN:203,(anonymous_16)
FNF:17
FNH:11
FNDA:0,(anonymous_0)
FNDA:0,(anonymous_1)
FNDA:0,(anonymous_2)
FNDA:0,(anonymous_3)
FNDA:0,(anonymous_4)
FNDA:1,(anonymous_5)
FNDA:0,(anonymous_6)
FNDA:1,(anonymous_7)
FNDA:1,(anonymous_8)
FNDA:1,(anonymous_9)
FNDA:1,(anonymous_10)
FNDA:1,(anonymous_11)
FNDA:1,(anonymous_12)
FNDA:1,(anonymous_13)
FNDA:1,(anonymous_14)
FNDA:2,(anonymous_15)
FNDA:2,(anonymous_16)
DA:1,2
DA:8,2
DA:9,2
DA:10,2
DA:11,2
DA:12,2
DA:13,2
DA:14,2
DA:21,2
DA:23,2
DA:26,0
DA:29,0
DA:30,0
DA:31,0
DA:34,0
DA:36,0
DA:39,0
DA:46,2
DA:49,0
DA:52,0
DA:53,0
DA:54,0
DA:55,0
DA:58,0
DA:60,0
DA:64,0
DA:67,0
DA:74,2
DA:77,0
DA:80,0
DA:81,0
DA:82,0
DA:83,0
DA:86,0
DA:88,0
DA:92,0
DA:95,0
DA:111,2
DA:117,0
DA:120,0
DA:121,0
DA:122,0
DA:123,0
DA:124,0
DA:125,0
DA:126,0
DA:128,0
DA:138,0
DA:139,0
DA:140,0
DA:143,0
DA:145,0
DA:149,0
DA:152,0
DA:159,2
DA:164,1
DA:166,0
DA:169,1
DA:170,1
DA:174,1
DA:175,1
DA:179,1
DA:180,1
DA:184,1
DA:185,1
DA:189,1
DA:190,1
DA:194,1
DA:195,1
DA:196,1
DA:197,1
DA:201,2
DA:202,2
DA:203,2
DA:205,2
DA:206,2
DA:215,2
LF:77
LH:35
BRDA:54,0,0,0
BRDA:82,1,0,0
BRDA:124,2,0,0
BRDA:139,3,0,0
BRDA:174,4,0,1
BRDA:179,5,0,1
BRDA:184,6,0,1
BRDA:189,7,0,1
BRDA:194,8,0,1
BRDA:197,9,0,1
BRDA:201,10,0,2
BRDA:205,11,0,2
BRF:12
BRH:8
end_of_record
TN:
SF:src/state/todolists/todolistReducer.ts
FN:14,(anonymous_0)
FN:23,(anonymous_1)
FN:38,(anonymous_2)
FN:66,(anonymous_3)
FN:97,(anonymous_4)
FN:127,(anonymous_5)
FN:132,(anonymous_6)
FN:139,(anonymous_7)
FN:141,(anonymous_8)
FN:144,(anonymous_9)
FN:146,(anonymous_10)
FN:152,(anonymous_11)
FN:161,(anonymous_12)
FN:163,(anonymous_13)
FN:167,(anonymous_14)
FN:169,(anonymous_15)
FNF:16
FNH:10
FNDA:0,(anonymous_0)
FNDA:0,(anonymous_1)
FNDA:0,(anonymous_2)
FNDA:0,(anonymous_3)
FNDA:0,(anonymous_4)
FNDA:1,(anonymous_5)
FNDA:2,(anonymous_6)
FNDA:1,(anonymous_7)
FNDA:0,(anonymous_8)
FNDA:1,(anonymous_9)
FNDA:3,(anonymous_10)
FNDA:1,(anonymous_11)
FNDA:1,(anonymous_12)
FNDA:1,(anonymous_13)
FNDA:1,(anonymous_14)
FNDA:2,(anonymous_15)
DA:1,2
DA:2,2
DA:3,2
DA:4,2
DA:5,2
DA:6,2
DA:7,2
DA:8,2
DA:10,2
DA:12,2
DA:15,0
DA:18,0
DA:19,0
DA:20,0
DA:23,0
DA:24,0
DA:26,0
DA:29,0
DA:36,2
DA:39,0
DA:42,0
DA:43,0
DA:44,0
DA:45,0
DA:48,0
DA:50,0
DA:54,0
DA:57,0
DA:64,2
DA:67,0
DA:70,0
DA:73,0
DA:74,0
DA:75,0
DA:76,0
DA:79,0
DA:81,0
DA:85,0
DA:88,0
DA:95,2
DA:98,0
DA:101,0
DA:102,0
DA:103,0
DA:104,0
DA:107,0
DA:109,0
DA:113,0
DA:116,0
DA:123,2
DA:131,1
DA:132,2
DA:134,1
DA:135,1
DA:140,1
DA:142,0
DA:145,1
DA:146,3
DA:153,1
DA:154,1
DA:158,1
DA:162,1
DA:163,1
DA:165,1
DA:168,1
DA:169,2
DA:171,1
DA:172,1
DA:177,2
DA:178,2
LF:70
LH:33
BRDA:44,0,0,0
BRDA:75,1,0,0
BRDA:103,2,0,0
BRDA:134,3,0,1
BRDA:145,4,0,1
BRDA:153,5,0,1
BRDA:165,6,0,1
BRDA:171,7,0,1
BRDA:171,8,0,1
BRDA:171,8,1,1
BRF:10
BRH:7
end_of_record
