TN:
SF:src/state/tasksReduser.ts
FN:33,(anonymous_0)
FN:42,(anonymous_1)
FN:59,(anonymous_2)
FN:68,(anonymous_3)
FN:81,(anonymous_4)
FN:91,(anonymous_5)
FN:102,(anonymous_6)
FN:112,(anonymous_7)
FN:123,(anonymous_8)
FN:134,(anonymous_9)
FNF:10
FNH:10
FNDA:6,(anonymous_0)
FNDA:3,(anonymous_1)
FNDA:3,(anonymous_2)
FNDA:3,(anonymous_3)
FNDA:1,(anonymous_4)
FNDA:1,(anonymous_5)
FNDA:1,(anonymous_6)
FNDA:1,(anonymous_7)
FNDA:1,(anonymous_8)
FNDA:1,(anonymous_9)
DA:2,1
DA:3,1
DA:14,1
DA:33,1
DA:34,6
DA:36,1
DA:37,1
DA:38,1
DA:41,1
DA:42,3
DA:45,1
DA:48,1
DA:49,1
DA:54,1
DA:57,1
DA:58,1
DA:59,3
DA:65,1
DA:66,1
DA:68,3
DA:74,0
DA:81,1
DA:82,1
DA:91,1
DA:92,1
DA:102,1
DA:103,1
DA:112,1
DA:113,1
DA:123,1
DA:124,1
DA:134,1
DA:135,1
LF:33
LH:32
BRDA:33,0,0,0
BRDA:34,1,0,1
BRDA:34,1,1,1
BRDA:34,1,2,1
BRDA:34,1,3,1
BRDA:34,1,4,1
BRDA:34,1,5,1
BRDA:34,1,6,0
BRDA:59,2,0,1
BRDA:59,2,1,2
BRDA:68,3,0,1
BRDA:68,3,1,2
BRF:12
BRH:10
end_of_record
TN:
SF:src/state/todolistReducer.ts
FN:18,(anonymous_0)
FN:28,(anonymous_1)
FN:31,(anonymous_2)
FN:41,(anonymous_3)
FN:51,(anonymous_4)
FN:62,(anonymous_5)
FNF:6
FNH:3
FNDA:3,(anonymous_0)
FNDA:2,(anonymous_1)
FNDA:2,(anonymous_2)
FNDA:0,(anonymous_3)
FNDA:0,(anonymous_4)
FNDA:0,(anonymous_5)
DA:2,2
DA:7,2
DA:8,2
DA:9,2
DA:18,2
DA:19,3
DA:21,1
DA:25,1
DA:28,2
DA:31,2
DA:34,0
DA:41,2
DA:42,0
DA:51,2
DA:52,0
DA:62,2
DA:63,0
LF:17
LH:13
BRDA:18,0,0,0
BRDA:19,1,0,1
BRDA:19,1,1,1
BRDA:19,1,2,1
BRDA:19,1,3,0
BRDA:31,2,0,1
BRDA:31,2,1,1
BRF:7
BRH:5
end_of_record
